Genes: 67186
Samples in metadata: 719432
Columns: ['sample_id', 'geo_accession', 'series_id', 'tissue_general', 'platform_id', 'assay', 'organism', 'total_counts', 'n_detected_genes']
Datasets in HDF5: ['expression', 'genes', 'sample_ids']
  expression: shape=(719432, 67186), dtype=float32
  genes: shape=(67186,), dtype=object
  sample_ids: shape=(719432,), dtype=object

Expression matrix: 719432 samples × 67186 genes
Traceback (most recent call last):
  File "/cluster/work/boeva/rquiles/CancerFoundation/data_preprocess/bulk_sc_data_preprocessing.py", line 511, in <module>
    main(args)
  File "/cluster/work/boeva/rquiles/CancerFoundation/data_preprocess/bulk_sc_data_preprocessing.py", line 387, in main
    h5_to_h5ad(
  File "/cluster/work/boeva/rquiles/CancerFoundation/data_preprocess/bulk_sc_data_preprocessing.py", line 307, in h5_to_h5ad
    adata.write_h5ad(h5ad_dir / fname)
  File "/cluster/apps/biomed/boeva/rquiles/conda/envs/bulkFM/lib/python3.10/site-packages/anndata/_core/anndata.py", line 1871, in write_h5ad
    write_h5ad(
  File "/cluster/apps/biomed/boeva/rquiles/conda/envs/bulkFM/lib/python3.10/site-packages/anndata/_io/h5ad.py", line 79, in write_h5ad
    with h5py.File(filepath, mode) as f:
  File "/cluster/apps/biomed/boeva/rquiles/conda/envs/bulkFM/lib/python3.10/site-packages/h5py/_hl/files.py", line 555, in __init__
    fid = make_fid(name, mode, userblock_size, fapl, fcpl, swmr=swmr)
  File "/cluster/apps/biomed/boeva/rquiles/conda/envs/bulkFM/lib/python3.10/site-packages/h5py/_hl/files.py", line 238, in make_fid
    fid = h5f.create(name, h5f.ACC_TRUNC, fapl=fapl, fcpl=fcpl)
  File "h5py/_objects.pyx", line 54, in h5py._objects.with_phil.wrapper
  File "h5py/_objects.pyx", line 55, in h5py._objects.with_phil.wrapper
  File "h5py/h5f.pyx", line 126, in h5py.h5f.create
PermissionError: [Errno 13] Unable to synchronously create file (unable to open file: name = '/cluster/work/boeva/atheus/data_cellxgene/bulk_chunk_0000.h5ad', errno = 13, error message = 'Permission denied', flags = 13, o_flags = 242)
