Genes: 67186
Normalizing bulk tissue names...
Samples in metadata: 719432
Columns: ['sample_id', 'geo_accession', 'series_id', 'tissue_general', 'platform_id', 'assay', 'organism', 'total_counts', 'n_detected_genes']
Datasets in HDF5: ['expression', 'genes', 'sample_ids']
  expression: shape=(719432, 67186), dtype=float32
  genes: shape=(67186,), dtype=object
  sample_ids: shape=(719432,), dtype=object

Expression matrix: 719432 samples × 67186 genes
  [1/72] wrote bulk_chunk_0000.h5ad  (10000 samples)
  [2/72] wrote bulk_chunk_0001.h5ad  (10000 samples)
  [3/72] wrote bulk_chunk_0002.h5ad  (10000 samples)
  [4/72] wrote bulk_chunk_0003.h5ad  (10000 samples)
  [5/72] wrote bulk_chunk_0004.h5ad  (10000 samples)
  [6/72] wrote bulk_chunk_0005.h5ad  (10000 samples)
  [7/72] wrote bulk_chunk_0006.h5ad  (10000 samples)
  [8/72] wrote bulk_chunk_0007.h5ad  (10000 samples)
  [9/72] wrote bulk_chunk_0008.h5ad  (10000 samples)
  [10/72] wrote bulk_chunk_0009.h5ad  (10000 samples)
  [11/72] wrote bulk_chunk_0010.h5ad  (10000 samples)
  [12/72] wrote bulk_chunk_0011.h5ad  (10000 samples)
  [13/72] wrote bulk_chunk_0012.h5ad  (10000 samples)
  [14/72] wrote bulk_chunk_0013.h5ad  (10000 samples)
  [15/72] wrote bulk_chunk_0014.h5ad  (10000 samples)
  [16/72] wrote bulk_chunk_0015.h5ad  (10000 samples)
  [17/72] wrote bulk_chunk_0016.h5ad  (10000 samples)
  [18/72] wrote bulk_chunk_0017.h5ad  (10000 samples)
  [19/72] wrote bulk_chunk_0018.h5ad  (10000 samples)
  [20/72] wrote bulk_chunk_0019.h5ad  (10000 samples)
  [21/72] wrote bulk_chunk_0020.h5ad  (10000 samples)
  [22/72] wrote bulk_chunk_0021.h5ad  (10000 samples)
  [23/72] wrote bulk_chunk_0022.h5ad  (10000 samples)
  [24/72] wrote bulk_chunk_0023.h5ad  (10000 samples)
  [25/72] wrote bulk_chunk_0024.h5ad  (10000 samples)
  [26/72] wrote bulk_chunk_0025.h5ad  (10000 samples)
  [27/72] wrote bulk_chunk_0026.h5ad  (10000 samples)
  [28/72] wrote bulk_chunk_0027.h5ad  (10000 samples)
  [29/72] wrote bulk_chunk_0028.h5ad  (10000 samples)
  [30/72] wrote bulk_chunk_0029.h5ad  (10000 samples)
  [31/72] wrote bulk_chunk_0030.h5ad  (10000 samples)
  [32/72] wrote bulk_chunk_0031.h5ad  (10000 samples)
  [33/72] wrote bulk_chunk_0032.h5ad  (10000 samples)
  [34/72] wrote bulk_chunk_0033.h5ad  (10000 samples)
  [35/72] wrote bulk_chunk_0034.h5ad  (10000 samples)
  [36/72] wrote bulk_chunk_0035.h5ad  (10000 samples)
  [37/72] wrote bulk_chunk_0036.h5ad  (10000 samples)
  [38/72] wrote bulk_chunk_0037.h5ad  (10000 samples)
  [39/72] wrote bulk_chunk_0038.h5ad  (10000 samples)
  [40/72] wrote bulk_chunk_0039.h5ad  (10000 samples)
  [41/72] wrote bulk_chunk_0040.h5ad  (10000 samples)
  [42/72] wrote bulk_chunk_0041.h5ad  (10000 samples)
  [43/72] wrote bulk_chunk_0042.h5ad  (10000 samples)
  [44/72] wrote bulk_chunk_0043.h5ad  (10000 samples)
  [45/72] wrote bulk_chunk_0044.h5ad  (10000 samples)
  [46/72] wrote bulk_chunk_0045.h5ad  (10000 samples)
  [47/72] wrote bulk_chunk_0046.h5ad  (10000 samples)
  [48/72] wrote bulk_chunk_0047.h5ad  (10000 samples)
  [49/72] wrote bulk_chunk_0048.h5ad  (10000 samples)
  [50/72] wrote bulk_chunk_0049.h5ad  (10000 samples)
  [51/72] wrote bulk_chunk_0050.h5ad  (10000 samples)
  [52/72] wrote bulk_chunk_0051.h5ad  (10000 samples)
  [53/72] wrote bulk_chunk_0052.h5ad  (10000 samples)
  [54/72] wrote bulk_chunk_0053.h5ad  (10000 samples)
  [55/72] wrote bulk_chunk_0054.h5ad  (10000 samples)
  [56/72] wrote bulk_chunk_0055.h5ad  (10000 samples)
  [57/72] wrote bulk_chunk_0056.h5ad  (10000 samples)
  [58/72] wrote bulk_chunk_0057.h5ad  (10000 samples)
  [59/72] wrote bulk_chunk_0058.h5ad  (10000 samples)
  [60/72] wrote bulk_chunk_0059.h5ad  (10000 samples)
  [61/72] wrote bulk_chunk_0060.h5ad  (10000 samples)
  [62/72] wrote bulk_chunk_0061.h5ad  (10000 samples)
  [63/72] wrote bulk_chunk_0062.h5ad  (10000 samples)
  [64/72] wrote bulk_chunk_0063.h5ad  (10000 samples)
  [65/72] wrote bulk_chunk_0064.h5ad  (10000 samples)
  [66/72] wrote bulk_chunk_0065.h5ad  (10000 samples)
  [67/72] wrote bulk_chunk_0066.h5ad  (10000 samples)
  [68/72] wrote bulk_chunk_0067.h5ad  (10000 samples)
  [69/72] wrote bulk_chunk_0068.h5ad  (10000 samples)
  [70/72] wrote bulk_chunk_0069.h5ad  (10000 samples)
  [71/72] wrote bulk_chunk_0070.h5ad  (10000 samples)
  [72/72] wrote bulk_chunk_0071.h5ad  (9432 samples)

Created 72 h5ad files in /cluster/work/boeva/rquiles/data/small_partition/pipeline_ready
slurmstepd-compute-biomed-21: error: *** JOB 8650087 ON compute-biomed-21 CANCELLED AT 2026-03-27T18:55:33 ***
