15:4: not a valid test operator:  
15:4: not a valid test operator: 12.9
21:4: not a valid test operator: (
21:4: not a valid test operator: 580.126.09

=============
== PyTorch ==
=============

NVIDIA Release 25.04 (build 159049541)
PyTorch Version 2.7.0a0+79aa174
Container image Copyright (c) 2025, NVIDIA CORPORATION & AFFILIATES. All rights reserved.
Copyright (c) 2014-2024 Facebook Inc.
Copyright (c) 2011-2014 Idiap Research Institute (Ronan Collobert)
Copyright (c) 2012-2014 Deepmind Technologies    (Koray Kavukcuoglu)
Copyright (c) 2011-2012 NEC Laboratories America (Koray Kavukcuoglu)
Copyright (c) 2011-2013 NYU                      (Clement Farabet)
Copyright (c) 2006-2010 NEC Laboratories America (Ronan Collobert, Leon Bottou, Iain Melvin, Jason Weston)
Copyright (c) 2006      Idiap Research Institute (Samy Bengio)
Copyright (c) 2001-2004 Idiap Research Institute (Ronan Collobert, Samy Bengio, Johnny Mariethoz)
Copyright (c) 2015      Google Inc.
Copyright (c) 2015      Yangqing Jia
Copyright (c) 2013-2016 The Caffe contributors
All rights reserved.

Various files include modifications (c) NVIDIA CORPORATION & AFFILIATES.  All rights reserved.

GOVERNING TERMS: The software and materials are governed by the NVIDIA Software License Agreement
(found at https://www.nvidia.com/en-us/agreements/enterprise-software/nvidia-software-license-agreement/)
and the Product-Specific Terms for NVIDIA AI Products
(found at https://www.nvidia.com/en-us/agreements/enterprise-software/product-specific-terms-for-ai-products/).


===== CONFIG =====
activation                     : relu
agg_consistency                : True
agg_fn                         : sum
balance_primary                : None
balance_secondary              : None
balanced_labels                : None
balanced_sampler               : None
batch_size                     : 32
batchnorm                      : False
bulk_ratio                     : 0.3
cell_emb_style                 : cls
compile                        : False
conditions                     : ['tissue']
config                         : None
contrastive_training           : False
d_hid                          : 256
dat_scale                      : 1.0
do_dat                         : False
do_mvc                         : True
dropout                        : 0.2
embsize                        : 64
epoch_size                     : 1
epochs                         : 1
esm_emb                        : False
esm_emb_path                   : None
esm_finetune                   : False
explicit_zero_prob             : False
gen_method                     : theirs
gpus                           : 1
grad_accu_steps                : 1
gradient_clip_val              : 1.0
input_emb_style                : continuous
input_style                    : binned
log_interval                   : 50
loss                           : LossType.MSE
lr                             : 0.0001
mask_ratio                     : 0.4
max_seq_len                    : 600
mvc_decoder_style              : inner product
n_bins                         : None
n_hvg                          : None
n_sc_per_pseudobulk            : 5
nheads                         : 4
nlayers                        : 3
no_cls                         : False
no_invert_dat                  : False
noise                          : [0.6]
norm_first                     : False
normalise_bins                 : False
num_epochs                     : None
num_nodes                      : 1
num_workers                    : 1
pb_ratio                       : 0.3
precision                      : bf16-mixed
pretrained                     : None
resume_from_checkpoint         : None
save_dir                       : ./save/cf_ablate_no_contrastive_8810693
save_every                     : False
scale_zero_expression          : None
scheduler_factor               : 0.99
scheduler_interval             : 100
seed                           : 0
strategy                       : auto
their_init_weights             : False
train_path                     : /cluster/work/boeva/rquiles/data/mixed_test/pipeline_ready
training_tasks                 : pcpt
trunc_by_sample                : True
unified                        : True
val_check_interval             : 0.5
vocab                          : None
wandb                          : None
wandb_entity                   : None
wandb_name                     : None
warmup_ratio_or_step           : 10000
where_condition                : end
zero_percentages               : [0.2, 0.4, 0.6]
==================

[rank: 0] Seed set to 0
Condition Encoders Inspection:
Conditions: {'tissue': 24, 'modality': 3}
Encoders: ModuleDict(
  (tissue): ConditionEncoder(
    (embedding): Embedding(24, 64)
    (enc_norm): LayerNorm((64,), eps=1e-05, elementwise_affine=True)
  )
  (modality): ConditionEncoder(
    (embedding): Embedding(3, 64)
    (enc_norm): LayerNorm((64,), eps=1e-05, elementwise_affine=True)
  )
)
Using bfloat16 Automatic Mixed Precision (AMP)
GPU available: True (cuda), used: True
TPU available: False, using: 0 TPU cores
HPU available: False, using: 0 HPUs
LOCAL_RANK: 0 - CUDA_VISIBLE_DEVICES: [0]
Loading `train_dataloader` to estimate number of stepping batches.
Batch composition at the sampler level:
batch_size: 32
n_bulk: 10
n_pb: 10
n_sc: 12
raw_batch_size: 72
sum logical: 32

Batch composition at the collator level
batch_size: 32
n_bulk: 10
n_pb: 10
n_sc: 12
raw_batch_size: 72
sum logical: 32
Using 1 workers.
/usr/local/lib/python3.12/dist-packages/pytorch_lightning/loops/fit_loop.py:298: The number of training batches (1) is smaller than the logging interval Trainer(log_every_n_steps=50). Set a lower value for log_every_n_steps if you want to see logs for the training epoch.

  | Name      | Type              | Params | Mode 
--------------------------------------------------------
0 | criterion | MSE               | 0      | train
1 | model     | TransformerModule | 7.3 M  | train
--------------------------------------------------------
7.3 M     Trainable params
0         Non-trainable params
7.3 M     Total params
29.229    Total estimated model params size (MB)
63        Modules in train mode
0         Modules in eval mode
SLURM auto-requeueing enabled. Setting signal handlers.
Sanity Checking: |          | 0/? [00:00<?, ?it/s]Batch composition at the sampler level:
batch_size: 32
n_bulk: 10
n_pb: 10
n_sc: 12
raw_batch_size: 72
sum logical: 32

Batch composition at the collator level
batch_size: 32
n_bulk: 10
n_pb: 10
n_sc: 12
raw_batch_size: 72
sum logical: 32
Using 1 workers.
Sanity Checking:   0%|          | 0/1 [00:00<?, ?it/s]Sanity Checking DataLoader 0:   0%|          | 0/1 [00:00<?, ?it/s]Rank 0: Starting validation with 1 batches
Noising perceptual...
/usr/local/lib/python3.12/dist-packages/pytorch_lightning/utilities/data.py:78: Trying to infer the `batch_size` from an ambiguous collection. The batch size we found is 82. To avoid any miscalculations, use `self.log(..., batch_size=batch_size)`.
Sanity Checking DataLoader 0: 100%|██████████| 1/1 [00:01<00:00,  0.91it/s]                                                                           Training: |          | 0/? [00:00<?, ?it/s]Training:   0%|          | 0/1 [00:00<?, ?it/s]Epoch 0:   0%|          | 0/1 [00:00<?, ?it/s] Noising perceptual...
Epoch 0: 100%|██████████| 1/1 [00:00<00:00,  1.48it/s]Epoch 0: 100%|██████████| 1/1 [00:00<00:00,  1.48it/s, v_num=8810693, train/loss_expr=2.49e+5, train/loss_mvc=2.48e+5, train/loss_agg=108.0, train/total_loss=7.46e+5, train/loss_noise=2.49e+5]
Validation: |          | 0/? [00:00<?, ?it/s][ARank 0: Starting validation with 1 batches
Noising perceptual...
`Trainer.fit` stopped: `max_epochs=1` reached.
Epoch 0: 100%|██████████| 1/1 [00:04<00:00,  0.20it/s, v_num=8810693, train/loss_expr=2.49e+5, train/loss_mvc=2.48e+5, train/loss_agg=108.0, train/total_loss=7.46e+5, train/loss_noise=2.49e+5, val/loss_expr=9.02e+7, val/loss_mvc=9.02e+7, val/loss_agg=117.0, val/total_loss=2.71e+8, val/loss_noise=9.02e+7]Epoch 0: 100%|██████████| 1/1 [00:05<00:00,  0.18it/s, v_num=8810693, train/loss_expr=2.49e+5, train/loss_mvc=2.48e+5, train/loss_agg=108.0, train/total_loss=7.46e+5, train/loss_noise=2.49e+5, val/loss_expr=9.02e+7, val/loss_mvc=9.02e+7, val/loss_agg=117.0, val/total_loss=2.71e+8, val/loss_noise=9.02e+7]Epoch 0: 100%|██████████| 1/1 [00:05<00:00,  0.18it/s, v_num=8810693, train/loss_expr=2.49e+5, train/loss_mvc=2.48e+5, train/loss_agg=108.0, train/total_loss=7.46e+5, train/loss_noise=2.49e+5, val/loss_expr=9.02e+7, val/loss_mvc=9.02e+7, val/loss_agg=117.0, val/total_loss=2.71e+8, val/loss_noise=9.02e+7]
Running downstream tasks:
 [{'name': 'dummy_celltype_cls', 'entrypoint': 'evaluate.dummy_downstream_task:run_dummy_downstream', 'config': {'seed': 7, 'task_weight': 1.0}}]
{
  "status": "completed",
  "checkpoint_path": "/cluster/work/boeva/rquiles/CancerFoundation/ablate/save/cf_ablate_no_contrastive_8810693/epoch_epoch=00.ckpt",
  "metrics": {
    "dummy_celltype_cls": {
      "auc": 0.9399941535643289,
      "accuracy": 0.5112565772401301
    }
  }
}
