15:4: not a valid test operator:  
15:4: not a valid test operator: 12.9
21:4: not a valid test operator: (
21:4: not a valid test operator: 580.126.09
15:4: not a valid test operator:  
15:4: not a valid test operator: 12.9
21:4: not a valid test operator: (
21:4: not a valid test operator: 580.126.09

=============
== PyTorch ==
=============

NVIDIA Release 25.04 (build 159049541)
PyTorch Version 2.7.0a0+79aa174
Container image Copyright (c) 2025, NVIDIA CORPORATION & AFFILIATES. All rights reserved.
Copyright (c) 2014-2024 Facebook Inc.
Copyright (c) 2011-2014 Idiap Research Institute (Ronan Collobert)
Copyright (c) 2012-2014 Deepmind Technologies    (Koray Kavukcuoglu)
Copyright (c) 2011-2012 NEC Laboratories America (Koray Kavukcuoglu)
Copyright (c) 2011-2013 NYU                      (Clement Farabet)
Copyright (c) 2006-2010 NEC Laboratories America (Ronan Collobert, Leon Bottou, Iain Melvin, Jason Weston)
Copyright (c) 2006      Idiap Research Institute (Samy Bengio)
Copyright (c) 2001-2004 Idiap Research Institute (Ronan Collobert, Samy Bengio, Johnny Mariethoz)
Copyright (c) 2015      Google Inc.
Copyright (c) 2015      Yangqing Jia
Copyright (c) 2013-2016 The Caffe contributors
All rights reserved.

Various files include modifications (c) NVIDIA CORPORATION & AFFILIATES.  All rights reserved.

GOVERNING TERMS: The software and materials are governed by the NVIDIA Software License Agreement
(found at https://www.nvidia.com/en-us/agreements/enterprise-software/nvidia-software-license-agreement/)
and the Product-Specific Terms for NVIDIA AI Products
(found at https://www.nvidia.com/en-us/agreements/enterprise-software/product-specific-terms-for-ai-products/).

=============
== PyTorch ==
=============

NVIDIA Release 25.04 (build 159049541)
PyTorch Version 2.7.0a0+79aa174
Container image Copyright (c) 2025, NVIDIA CORPORATION & AFFILIATES. All rights reserved.
Copyright (c) 2014-2024 Facebook Inc.
Copyright (c) 2011-2014 Idiap Research Institute (Ronan Collobert)
Copyright (c) 2012-2014 Deepmind Technologies    (Koray Kavukcuoglu)
Copyright (c) 2011-2012 NEC Laboratories America (Koray Kavukcuoglu)
Copyright (c) 2011-2013 NYU                      (Clement Farabet)
Copyright (c) 2006-2010 NEC Laboratories America (Ronan Collobert, Leon Bottou, Iain Melvin, Jason Weston)
Copyright (c) 2006      Idiap Research Institute (Samy Bengio)
Copyright (c) 2001-2004 Idiap Research Institute (Ronan Collobert, Samy Bengio, Johnny Mariethoz)
Copyright (c) 2015      Google Inc.
Copyright (c) 2015      Yangqing Jia
Copyright (c) 2013-2016 The Caffe contributors
All rights reserved.

Various files include modifications (c) NVIDIA CORPORATION & AFFILIATES.  All rights reserved.

GOVERNING TERMS: The software and materials are governed by the NVIDIA Software License Agreement
(found at https://www.nvidia.com/en-us/agreements/enterprise-software/nvidia-software-license-agreement/)
and the Product-Specific Terms for NVIDIA AI Products
(found at https://www.nvidia.com/en-us/agreements/enterprise-software/product-specific-terms-for-ai-products/).


Traceback (most recent call last):
  File "/cluster/work/boeva/rquiles/CancerFoundation/submits_biomed/../pretrain.py", line 7, in <module>
    from utils import get_args, MyProgressBar
  File "/cluster/work/boeva/rquiles/CancerFoundation/submits_biomed/../utils.py", line 5, in <module>
    from cancerfoundation.loss import LossType
  File "/cluster/work/boeva/rquiles/CancerFoundation/submits_biomed/../cancerfoundation/__init__.py", line 1, in <module>
    from . import model
  File "/cluster/work/boeva/rquiles/CancerFoundation/submits_biomed/../cancerfoundation/model/__init__.py", line 1, in <module>
    from .module import (
  File "/cluster/work/boeva/rquiles/CancerFoundation/submits_biomed/../cancerfoundation/model/module.py", line 3, in <module>
    import torch
ModuleNotFoundError: No module named 'torch'
